<?xml version="1.0" encoding="UTF-8"?>
<!-- Generated by org.testng.reporters.JUnitReportReporter -->
<testsuite hostname="CHN-REG-338651" failures="0" tests="1" name="POM.Main" time="6.734" errors="0" timestamp="2022-10-05T07:15:44 IST" skipped="0">
  <testcase classname="POM.Main" name="testcase" time="6.734"/>
  <system-out/>
</testsuite> <!-- POM.Main -->
