<?xml version="1.0" encoding="UTF-8"?>
<!-- Generated by org.testng.reporters.JUnitReportReporter -->
<testsuite hostname="CHN-REG-338651" failures="0" tests="2" name="com.basics.AppTest" time="0.009" errors="0" timestamp="2022-10-06T06:34:09 IST" skipped="0">
  <testcase classname="com.basics.AppTest" name="Testcase1" time="0.007"/>
  <system-out/>
  <testcase classname="com.basics.AppTest" name="Testcase2" time="0.002"/>
  <system-out/>
</testsuite> <!-- com.basics.AppTest -->
