<?xml version="1.0" encoding="UTF-8"?>
<!-- Generated by org.testng.reporters.JUnitReportReporter -->
<testsuite hostname="CHN-REG-338651" failures="0" tests="4" name="com.testcases.AppTest" time="0.092" errors="0" timestamp="2022-10-07T07:36:24 IST" skipped="0">
  <testcase classname="com.testcases.AppTest" name="Subject_testcase" time="0.088"/>
  <system-out/>
  <testcase classname="com.testcases.AppTest" name="textmessage_testcase" time="0.001"/>
  <system-out/>
  <testcase classname="com.testcases.AppTest" name="Textboxfield_testcase" time="0.001"/>
  <system-out/>
  <testcase classname="com.testcases.AppTest" name="email_testcase" time="0.002"/>
  <system-out/>
</testsuite> <!-- com.testcases.AppTest -->
